# JRE version: Java(TM) SE Runtime Environment (24.0.2+12) (build 24.0.2+12-54)
# Java VM: Java HotSpot(TM) 64-Bit Server VM (24.0.2+12-54, mixed mode, sharing, tiered, compressed oops, compressed class ptrs, g1 gc, windows-amd64)
GC Precious Log:
 CardTable entry size: 512
 Card Set container configuration: InlinePtr #cards 4 size 8 Array Of Cards #cards 32 size 80 Howl #buckets 8 coarsen threshold 7372 Howl Bitmap #cards 1024 size 144 coarsen threshold 921 Card regions per heap region 1 cards per card region 8192
 CPUs: 4 total, 4 available
 Memory: 7914M
 Large Page Support: Disabled
 NUMA Support: Disabled
 Compressed Oops: Enabled (Zero based)
 Heap Region Size: 4M
 Heap Min Capacity: 8M
 Heap Initial Capacity: 124M
 Heap Max Capacity: 8G
 Pre-touch: Disabled
 Parallel Workers: 4
 Concurrent Workers: 1
 Concurrent Refinement Workers: 4
 Periodic GC: Disabled
Heap:
 garbage-first heap   total reserved 8388608K, committed 561152K, used 330512K [0x0000000600000000, 0x0000000800000000)
  region size 4096K, 4 young (16384K), 4 survivors (16384K)
 Metaspace       used 163471K, committed 166016K, reserved 1245184K
  class space    used 17568K, committed 18752K, reserved 1048576K
GC Heap History (20 events):
Event: 44.633 GC heap after
{Heap after GC invocations=38 (full 0):
 garbage-first heap   total reserved 8388608K, committed 372736K, used 208160K [0x0000000600000000, 0x0000000800000000)
  region size 4096K, 4 young (16384K), 4 survivors (16384K)
 Metaspace       used 141482K, committed 143872K, reserved 1179648K
  class space    used 15396K, committed 16512K, reserved 1048576K
}
Event: 47.954 GC heap before
{Heap before GC invocations=38 (full 0):
 garbage-first heap   total reserved 8388608K, committed 372736K, used 318752K [0x0000000600000000, 0x0000000800000000)
  region size 4096K, 31 young (126976K), 4 survivors (16384K)
 Metaspace       used 142795K, committed 145088K, reserved 1179648K
  class space    used 15514K, committed 16576K, reserved 1048576K
}
Event: 48.044 GC heap after
{Heap after GC invocations=39 (full 0):
 garbage-first heap   total reserved 8388608K, committed 372736K, used 194291K [0x0000000600000000, 0x0000000800000000)
  region size 4096K, 4 young (16384K), 4 survivors (16384K)
 Metaspace       used 142795K, committed 145088K, reserved 1179648K
  class space    used 15514K, committed 16576K, reserved 1048576K
}
Event: 54.092 GC heap before
{Heap before GC invocations=39 (full 0):
 garbage-first heap   total reserved 8388608K, committed 372736K, used 308979K [0x0000000600000000, 0x0000000800000000)
  region size 4096K, 32 young (131072K), 4 survivors (16384K)
 Metaspace       used 144938K, committed 147264K, reserved 1179648K
  class space    used 15670K, committed 16768K, reserved 1048576K
}
Event: 54.252 GC heap after
{Heap after GC invocations=40 (full 0):
 garbage-first heap   total reserved 8388608K, committed 450560K, used 207008K [0x0000000600000000, 0x0000000800000000)
  region size 4096K, 4 young (16384K), 4 survivors (16384K)
 Metaspace       used 144938K, committed 147264K, reserved 1179648K
  class space    used 15670K, committed 16768K, reserved 1048576K
}
Event: 109.479 GC heap before
{Heap before GC invocations=40 (full 0):
 garbage-first heap   total reserved 8388608K, committed 450560K, used 354464K [0x0000000600000000, 0x0000000800000000)
  region size 4096K, 41 young (167936K), 4 survivors (16384K)
 Metaspace       used 154024K, committed 156480K, reserved 1245184K
  class space    used 16865K, committed 17984K, reserved 1048576K
}
Event: 109.687 GC heap after
{Heap after GC invocations=41 (full 0):
 garbage-first heap   total reserved 8388608K, committed 450560K, used 223554K [0x0000000600000000, 0x0000000800000000)
  region size 4096K, 4 young (16384K), 4 survivors (16384K)
 Metaspace       used 154024K, committed 156480K, reserved 1245184K
  class space    used 16865K, committed 17984K, reserved 1048576K
}
Event: 124.146 GC heap before
{Heap before GC invocations=41 (full 0):
 garbage-first heap   total reserved 8388608K, committed 450560K, used 362818K [0x0000000600000000, 0x0000000800000000)
  region size 4096K, 39 young (159744K), 4 survivors (16384K)
 Metaspace       used 154583K, committed 157120K, reserved 1245184K
  class space    used 16887K, committed 18048K, reserved 1048576K
}
Event: 124.221 GC heap after
{Heap after GC invocations=42 (full 0):
 garbage-first heap   total reserved 8388608K, committed 450560K, used 236427K [0x0000000600000000, 0x0000000800000000)
  region size 4096K, 4 young (16384K), 4 survivors (16384K)
 Metaspace       used 154583K, committed 157120K, reserved 1245184K
  class space    used 16887K, committed 18048K, reserved 1048576K
}
Event: 126.857 GC heap before
{Heap before GC invocations=42 (full 0):
 garbage-first heap   total reserved 8388608K, committed 450560K, used 375691K [0x0000000600000000, 0x0000000800000000)
  region size 4096K, 38 young (155648K), 4 survivors (16384K)
 Metaspace       used 157172K, committed 159680K, reserved 1245184K
  class space    used 17123K, committed 18304K, reserved 1048576K
}
Event: 126.938 GC heap after
{Heap after GC invocations=43 (full 0):
 garbage-first heap   total reserved 8388608K, committed 450560K, used 275821K [0x0000000600000000, 0x0000000800000000)
  region size 4096K, 5 young (20480K), 5 survivors (20480K)
 Metaspace       used 157172K, committed 159680K, reserved 1245184K
  class space    used 17123K, committed 18304K, reserved 1048576K
}
Event: 128.967 GC heap before
{Heap before GC invocations=44 (full 0):
 garbage-first heap   total reserved 8388608K, committed 450560K, used 365933K [0x0000000600000000, 0x0000000800000000)
  region size 4096K, 32 young (131072K), 5 survivors (20480K)
 Metaspace       used 157680K, committed 160192K, reserved 1245184K
  class space    used 17156K, committed 18304K, reserved 1048576K
}
Event: 129.050 GC heap after
{Heap after GC invocations=45 (full 0):
 garbage-first heap   total reserved 8388608K, committed 450560K, used 303104K [0x0000000600000000, 0x0000000800000000)
  region size 4096K, 4 young (16384K), 4 survivors (16384K)
 Metaspace       used 157680K, committed 160192K, reserved 1245184K
  class space    used 17156K, committed 18304K, reserved 1048576K
}
Event: 130.459 GC heap before
{Heap before GC invocations=45 (full 0):
 garbage-first heap   total reserved 8388608K, committed 450560K, used 389120K [0x0000000600000000, 0x0000000800000000)
  region size 4096K, 24 young (98304K), 4 survivors (16384K)
 Metaspace       used 157914K, committed 160448K, reserved 1245184K
  class space    used 17167K, committed 18304K, reserved 1048576K
}
Event: 130.506 GC heap after
{Heap after GC invocations=46 (full 0):
 garbage-first heap   total reserved 8388608K, committed 454656K, used 305152K [0x0000000600000000, 0x0000000800000000)
  region size 4096K, 3 young (12288K), 3 survivors (12288K)
 Metaspace       used 157914K, committed 160448K, reserved 1245184K
  class space    used 17167K, committed 18304K, reserved 1048576K
}
Event: 130.946 GC heap before
{Heap before GC invocations=46 (full 0):
 garbage-first heap   total reserved 8388608K, committed 454656K, used 382976K [0x0000000600000000, 0x0000000800000000)
  region size 4096K, 22 young (90112K), 3 survivors (12288K)
 Metaspace       used 157937K, committed 160512K, reserved 1245184K
  class space    used 17167K, committed 18304K, reserved 1048576K
}
Event: 130.995 GC heap after
{Heap after GC invocations=47 (full 0):
 garbage-first heap   total reserved 8388608K, committed 454656K, used 342016K [0x0000000600000000, 0x0000000800000000)
  region size 4096K, 3 young (12288K), 3 survivors (12288K)
 Metaspace       used 157937K, committed 160512K, reserved 1245184K
  class space    used 17167K, committed 18304K, reserved 1048576K
}
Event: 131.733 GC heap before
{Heap before GC invocations=48 (full 0):
 garbage-first heap   total reserved 8388608K, committed 561152K, used 391168K [0x0000000600000000, 0x0000000800000000)
  region size 4096K, 17 young (69632K), 3 survivors (12288K)
 Metaspace       used 158004K, committed 160512K, reserved 1245184K
  class space    used 17167K, committed 18304K, reserved 1048576K
}
Event: 131.771 GC heap after
{Heap after GC invocations=49 (full 0):
 garbage-first heap   total reserved 8388608K, committed 561152K, used 356352K [0x0000000600000000, 0x0000000800000000)
  region size 4096K, 3 young (12288K), 3 survivors (12288K)
 Metaspace       used 158004K, committed 160512K, reserved 1245184K
  class space    used 17167K, committed 18304K, reserved 1048576K
}
Event: 134.264 GC heap before
{Heap before GC invocations=49 (full 0):
 garbage-first heap   total reserved 8388608K, committed 561152K, used 462848K [0x0000000600000000, 0x0000000800000000)
  region size 4096K, 29 young (118784K), 3 survivors (12288K)
 Metaspace       used 163471K, committed 166016K, reserved 1245184K
  class space    used 17568K, committed 18752K, reserved 1048576K
}

