# JRE version: OpenJDK Runtime Environment Temurin-21.0.11+10 (21.0.11+10) (build 21.0.11+10-LTS)
# Java VM: OpenJDK 64-Bit Server VM Temurin-21.0.11+10 (21.0.11+10-LTS, mixed mode, sharing, tiered, compressed oops, compressed class ptrs, g1 gc, windows-amd64)
GC Precious Log:
 CardTable entry size: 512
 Card Set container configuration: InlinePtr #cards 4 size 8 Array Of Cards #cards 32 size 80 Howl #buckets 8 coarsen threshold 7372 Howl Bitmap #cards 1024 size 144 coarsen threshold 921 Card regions per heap region 1 cards per card region 8192
 CPUs: 4 total, 4 available
 Memory: 7914M
 Large Page Support: Disabled
 NUMA Support: Disabled
 Compressed Oops: Enabled (Zero based)
 Heap Region Size: 4M
 Heap Min Capacity: 8M
 Heap Initial Capacity: 124M
 Heap Max Capacity: 8G
 Pre-touch: Disabled
 Parallel Workers: 4
 Concurrent Workers: 1
 Concurrent Refinement Workers: 4
 Periodic GC: Disabled
Heap:
 garbage-first heap   total 131072K, used 78808K [0x0000000600000000, 0x0000000800000000)
  region size 4096K, 3 young (12288K), 2 survivors (8192K)
 Metaspace       used 83209K, committed 85504K, reserved 1179648K
  class space    used 12170K, committed 13312K, reserved 1048576K
GC Heap History (20 events):
Event: 44.099 GC heap before
{Heap before GC invocations=16 (full 0):
 garbage-first heap   total 102400K, used 85119K [0x0000000600000000, 0x0000000800000000)
  region size 4096K, 10 young (40960K), 1 survivors (4096K)
 Metaspace       used 49477K, committed 51136K, reserved 1114112K
  class space    used 7172K, committed 8000K, reserved 1048576K
}
Event: 44.108 GC heap after
{Heap after GC invocations=17 (full 0):
 garbage-first heap   total 122880K, used 48761K [0x0000000600000000, 0x0000000800000000)
  region size 4096K, 1 young (4096K), 1 survivors (4096K)
 Metaspace       used 49477K, committed 51136K, reserved 1114112K
  class space    used 7172K, committed 8000K, reserved 1048576K
}
Event: 48.192 GC heap before
{Heap before GC invocations=18 (full 0):
 garbage-first heap   total 122880K, used 106105K [0x0000000600000000, 0x0000000800000000)
  region size 4096K, 15 young (61440K), 1 survivors (4096K)
 Metaspace       used 54449K, committed 56192K, reserved 1114112K
  class space    used 7978K, committed 8832K, reserved 1048576K
}
Event: 48.210 GC heap after
{Heap after GC invocations=19 (full 0):
 garbage-first heap   total 122880K, used 51670K [0x0000000600000000, 0x0000000800000000)
  region size 4096K, 2 young (8192K), 2 survivors (8192K)
 Metaspace       used 54449K, committed 56192K, reserved 1114112K
  class space    used 7978K, committed 8832K, reserved 1048576K
}
Event: 58.219 GC heap before
{Heap before GC invocations=19 (full 0):
 garbage-first heap   total 122880K, used 104918K [0x0000000600000000, 0x0000000800000000)
  region size 4096K, 15 young (61440K), 2 survivors (8192K)
 Metaspace       used 57582K, committed 59392K, reserved 1114112K
  class space    used 8440K, committed 9280K, reserved 1048576K
}
Event: 58.263 GC heap after
{Heap after GC invocations=20 (full 0):
 garbage-first heap   total 122880K, used 54892K [0x0000000600000000, 0x0000000800000000)
  region size 4096K, 2 young (8192K), 2 survivors (8192K)
 Metaspace       used 57582K, committed 59392K, reserved 1114112K
  class space    used 8440K, committed 9280K, reserved 1048576K
}
Event: 66.471 GC heap before
{Heap before GC invocations=20 (full 0):
 garbage-first heap   total 122880K, used 104044K [0x0000000600000000, 0x0000000800000000)
  region size 4096K, 15 young (61440K), 2 survivors (8192K)
 Metaspace       used 62588K, committed 64576K, reserved 1114112K
  class space    used 9211K, committed 10176K, reserved 1048576K
}
Event: 66.500 GC heap after
{Heap after GC invocations=21 (full 0):
 garbage-first heap   total 126976K, used 61770K [0x0000000600000000, 0x0000000800000000)
  region size 4096K, 2 young (8192K), 2 survivors (8192K)
 Metaspace       used 62588K, committed 64576K, reserved 1114112K
  class space    used 9211K, committed 10176K, reserved 1048576K
}
Event: 71.545 GC heap before
{Heap before GC invocations=21 (full 0):
 garbage-first heap   total 126976K, used 106826K [0x0000000600000000, 0x0000000800000000)
  region size 4096K, 13 young (53248K), 2 survivors (8192K)
 Metaspace       used 67529K, committed 69504K, reserved 1114112K
  class space    used 9877K, committed 10880K, reserved 1048576K
}
Event: 71.572 GC heap after
{Heap after GC invocations=22 (full 0):
 garbage-first heap   total 126976K, used 63985K [0x0000000600000000, 0x0000000800000000)
  region size 4096K, 1 young (4096K), 1 survivors (4096K)
 Metaspace       used 67529K, committed 69504K, reserved 1114112K
  class space    used 9877K, committed 10880K, reserved 1048576K
}
Event: 74.350 GC heap before
{Heap before GC invocations=23 (full 0):
 garbage-first heap   total 126976K, used 109041K [0x0000000600000000, 0x0000000800000000)
  region size 4096K, 12 young (49152K), 1 survivors (4096K)
 Metaspace       used 70493K, committed 72576K, reserved 1114112K
  class space    used 10297K, committed 11328K, reserved 1048576K
}
Event: 74.360 GC heap after
{Heap after GC invocations=24 (full 0):
 garbage-first heap   total 126976K, used 64847K [0x0000000600000000, 0x0000000800000000)
  region size 4096K, 1 young (4096K), 1 survivors (4096K)
 Metaspace       used 70493K, committed 72576K, reserved 1114112K
  class space    used 10297K, committed 11328K, reserved 1048576K
}
Event: 77.181 GC heap before
{Heap before GC invocations=24 (full 0):
 garbage-first heap   total 126976K, used 109903K [0x0000000600000000, 0x0000000800000000)
  region size 4096K, 12 young (49152K), 1 survivors (4096K)
 Metaspace       used 73397K, committed 75456K, reserved 1114112K
  class space    used 10732K, committed 11712K, reserved 1048576K
}
Event: 77.203 GC heap after
{Heap after GC invocations=25 (full 0):
 garbage-first heap   total 126976K, used 67462K [0x0000000600000000, 0x0000000800000000)
  region size 4096K, 2 young (8192K), 2 survivors (8192K)
 Metaspace       used 73397K, committed 75456K, reserved 1114112K
  class space    used 10732K, committed 11712K, reserved 1048576K
}
Event: 80.261 GC heap before
{Heap before GC invocations=26 (full 0):
 garbage-first heap   total 126976K, used 108422K [0x0000000600000000, 0x0000000800000000)
  region size 4096K, 12 young (49152K), 2 survivors (8192K)
 Metaspace       used 76050K, committed 78144K, reserved 1179648K
  class space    used 11139K, committed 12160K, reserved 1048576K
}
Event: 80.294 GC heap after
{Heap after GC invocations=27 (full 0):
 garbage-first heap   total 126976K, used 70813K [0x0000000600000000, 0x0000000800000000)
  region size 4096K, 2 young (8192K), 2 survivors (8192K)
 Metaspace       used 76050K, committed 78144K, reserved 1179648K
  class space    used 11139K, committed 12160K, reserved 1048576K
}
Event: 85.934 GC heap before
{Heap before GC invocations=27 (full 0):
 garbage-first heap   total 126976K, used 107677K [0x0000000600000000, 0x0000000800000000)
  region size 4096K, 12 young (49152K), 2 survivors (8192K)
 Metaspace       used 78767K, committed 80960K, reserved 1179648K
  class space    used 11598K, committed 12672K, reserved 1048576K
}
Event: 85.954 GC heap after
{Heap after GC invocations=28 (full 0):
 garbage-first heap   total 131072K, used 74502K [0x0000000600000000, 0x0000000800000000)
  region size 4096K, 2 young (8192K), 2 survivors (8192K)
 Metaspace       used 78767K, committed 80960K, reserved 1179648K
  class space    used 11598K, committed 12672K, reserved 1048576K
}
Event: 111.158 GC heap before
{Heap before GC invocations=28 (full 0):
 garbage-first heap   total 131072K, used 111366K [0x0000000600000000, 0x0000000800000000)
  region size 4096K, 12 young (49152K), 2 survivors (8192K)
 Metaspace       used 83209K, committed 85504K, reserved 1179648K
  class space    used 12170K, committed 13312K, reserved 1048576K
}
Event: 111.190 GC heap after
{Heap after GC invocations=29 (full 0):
 garbage-first heap   total 131072K, used 78808K [0x0000000600000000, 0x0000000800000000)
  region size 4096K, 2 young (8192K), 2 survivors (8192K)
 Metaspace       used 83209K, committed 85504K, reserved 1179648K
  class space    used 12170K, committed 13312K, reserved 1048576K
}

