# JRE version: OpenJDK Runtime Environment Temurin-21.0.11+10 (21.0.11+10) (build 21.0.11+10-LTS)
# Java VM: OpenJDK 64-Bit Server VM Temurin-21.0.11+10 (21.0.11+10-LTS, mixed mode, sharing, tiered, compressed oops, compressed class ptrs, parallel gc, windows-amd64)
GC Precious Log:
 CardTable entry size: 512
 CPUs: 4 total, 4 available
 Memory: 7914M
 Large Page Support: Disabled
 NUMA Support: Disabled
 Compressed Oops: Enabled (32-bit)
 Alignments: Space 512K, Generation 512K, Heap 2M
 Heap Min Capacity: 100M
 Heap Initial Capacity: 100M
 Heap Max Capacity: 2G
 Pre-touch: Disabled
 Parallel Workers: 4
Heap:
 PSYoungGen      total 13312K, used 868K [0x00000000d5580000, 0x00000000d6580000, 0x0000000100000000)
  eden space 12800K, 5% used [0x00000000d5580000,0x00000000d5639398,0x00000000d6200000)
  from space 512K, 25% used [0x00000000d6480000,0x00000000d64a0000,0x00000000d6500000)
  to   space 512K, 0% used [0x00000000d6500000,0x00000000d6500000,0x00000000d6580000)
 ParOldGen       total 68608K, used 47688K [0x0000000080000000, 0x0000000084300000, 0x00000000d5580000)
  object space 68608K, 69% used [0x0000000080000000,0x0000000082e92128,0x0000000084300000)
 Metaspace       used 70296K, committed 71680K, reserved 1114112K
  class space    used 8813K, committed 9408K, reserved 1048576K
GC Heap History (20 events):
Event: 240.707 GC heap before
{Heap before GC invocations=63 (full 3):
 PSYoungGen      total 14336K, used 13077K [0x00000000d5580000, 0x00000000d6680000, 0x0000000100000000)
  eden space 12800K, 100% used [0x00000000d5580000,0x00000000d6200000,0x00000000d6200000)
  from space 1536K, 18% used [0x00000000d6380000,0x00000000d63c54b8,0x00000000d6500000)
  to   space 1024K, 0% used [0x00000000d6580000,0x00000000d6580000,0x00000000d6680000)
 ParOldGen       total 68608K, used 46515K [0x0000000080000000, 0x0000000084300000, 0x00000000d5580000)
  object space 68608K, 67% used [0x0000000080000000,0x0000000082d6ccd0,0x0000000084300000)
 Metaspace       used 66250K, committed 67520K, reserved 1114112K
  class space    used 8278K, committed 8832K, reserved 1048576K
}
Event: 240.708 GC heap after
{Heap after GC invocations=63 (full 3):
 PSYoungGen      total 13824K, used 940K [0x00000000d5580000, 0x00000000d6680000, 0x0000000100000000)
  eden space 12800K, 0% used [0x00000000d5580000,0x00000000d5580000,0x00000000d6200000)
  from space 1024K, 91% used [0x00000000d6580000,0x00000000d666b1d0,0x00000000d6680000)
  to   space 1536K, 0% used [0x00000000d6380000,0x00000000d6380000,0x00000000d6500000)
 ParOldGen       total 68608K, used 46589K [0x0000000080000000, 0x0000000084300000, 0x00000000d5580000)
  object space 68608K, 67% used [0x0000000080000000,0x0000000082d7f538,0x0000000084300000)
 Metaspace       used 66250K, committed 67520K, reserved 1114112K
  class space    used 8278K, committed 8832K, reserved 1048576K
}
Event: 240.861 GC heap before
{Heap before GC invocations=64 (full 3):
 PSYoungGen      total 13824K, used 13740K [0x00000000d5580000, 0x00000000d6680000, 0x0000000100000000)
  eden space 12800K, 100% used [0x00000000d5580000,0x00000000d6200000,0x00000000d6200000)
  from space 1024K, 91% used [0x00000000d6580000,0x00000000d666b1d0,0x00000000d6680000)
  to   space 1536K, 0% used [0x00000000d6380000,0x00000000d6380000,0x00000000d6500000)
 ParOldGen       total 68608K, used 46589K [0x0000000080000000, 0x0000000084300000, 0x00000000d5580000)
  object space 68608K, 67% used [0x0000000080000000,0x0000000082d7f538,0x0000000084300000)
 Metaspace       used 66610K, committed 67840K, reserved 1114112K
  class space    used 8325K, committed 8832K, reserved 1048576K
}
Event: 240.863 GC heap after
{Heap after GC invocations=64 (full 3):
 PSYoungGen      total 14336K, used 288K [0x00000000d5580000, 0x00000000d6600000, 0x0000000100000000)
  eden space 12800K, 0% used [0x00000000d5580000,0x00000000d5580000,0x00000000d6200000)
  from space 1536K, 18% used [0x00000000d6380000,0x00000000d63c8000,0x00000000d6500000)
  to   space 1024K, 0% used [0x00000000d6500000,0x00000000d6500000,0x00000000d6600000)
 ParOldGen       total 68608K, used 46613K [0x0000000080000000, 0x0000000084300000, 0x00000000d5580000)
  object space 68608K, 67% used [0x0000000080000000,0x0000000082d85538,0x0000000084300000)
 Metaspace       used 66610K, committed 67840K, reserved 1114112K
  class space    used 8325K, committed 8832K, reserved 1048576K
}
Event: 241.135 GC heap before
{Heap before GC invocations=65 (full 3):
 PSYoungGen      total 14336K, used 13088K [0x00000000d5580000, 0x00000000d6600000, 0x0000000100000000)
  eden space 12800K, 100% used [0x00000000d5580000,0x00000000d6200000,0x00000000d6200000)
  from space 1536K, 18% used [0x00000000d6380000,0x00000000d63c8000,0x00000000d6500000)
  to   space 1024K, 0% used [0x00000000d6500000,0x00000000d6500000,0x00000000d6600000)
 ParOldGen       total 68608K, used 46613K [0x0000000080000000, 0x0000000084300000, 0x00000000d5580000)
  object space 68608K, 67% used [0x0000000080000000,0x0000000082d85538,0x0000000084300000)
 Metaspace       used 68121K, committed 69376K, reserved 1114112K
  class space    used 8568K, committed 9088K, reserved 1048576K
}
Event: 241.137 GC heap after
{Heap after GC invocations=65 (full 3):
 PSYoungGen      total 13312K, used 384K [0x00000000d5580000, 0x00000000d6580000, 0x0000000100000000)
  eden space 12800K, 0% used [0x00000000d5580000,0x00000000d5580000,0x00000000d6200000)
  from space 512K, 75% used [0x00000000d6500000,0x00000000d6560010,0x00000000d6580000)
  to   space 512K, 0% used [0x00000000d6480000,0x00000000d6480000,0x00000000d6500000)
 ParOldGen       total 68608K, used 46805K [0x0000000080000000, 0x0000000084300000, 0x00000000d5580000)
  object space 68608K, 68% used [0x0000000080000000,0x0000000082db5568,0x0000000084300000)
 Metaspace       used 68121K, committed 69376K, reserved 1114112K
  class space    used 8568K, committed 9088K, reserved 1048576K
}
Event: 246.709 GC heap before
{Heap before GC invocations=66 (full 3):
 PSYoungGen      total 13312K, used 13184K [0x00000000d5580000, 0x00000000d6580000, 0x0000000100000000)
  eden space 12800K, 100% used [0x00000000d5580000,0x00000000d6200000,0x00000000d6200000)
  from space 512K, 75% used [0x00000000d6500000,0x00000000d6560010,0x00000000d6580000)
  to   space 512K, 0% used [0x00000000d6480000,0x00000000d6480000,0x00000000d6500000)
 ParOldGen       total 68608K, used 46805K [0x0000000080000000, 0x0000000084300000, 0x00000000d5580000)
  object space 68608K, 68% used [0x0000000080000000,0x0000000082db5568,0x0000000084300000)
 Metaspace       used 69517K, committed 70912K, reserved 1114112K
  class space    used 8738K, committed 9344K, reserved 1048576K
}
Event: 246.712 GC heap after
{Heap after GC invocations=66 (full 3):
 PSYoungGen      total 13312K, used 336K [0x00000000d5580000, 0x00000000d6580000, 0x0000000100000000)
  eden space 12800K, 0% used [0x00000000d5580000,0x00000000d5580000,0x00000000d6200000)
  from space 512K, 65% used [0x00000000d6480000,0x00000000d64d4010,0x00000000d6500000)
  to   space 512K, 0% used [0x00000000d6500000,0x00000000d6500000,0x00000000d6580000)
 ParOldGen       total 68608K, used 47149K [0x0000000080000000, 0x0000000084300000, 0x00000000d5580000)
  object space 68608K, 68% used [0x0000000080000000,0x0000000082e0b578,0x0000000084300000)
 Metaspace       used 69517K, committed 70912K, reserved 1114112K
  class space    used 8738K, committed 9344K, reserved 1048576K
}
Event: 278.924 GC heap before
{Heap before GC invocations=67 (full 3):
 PSYoungGen      total 13312K, used 13136K [0x00000000d5580000, 0x00000000d6580000, 0x0000000100000000)
  eden space 12800K, 100% used [0x00000000d5580000,0x00000000d6200000,0x00000000d6200000)
  from space 512K, 65% used [0x00000000d6480000,0x00000000d64d4010,0x00000000d6500000)
  to   space 512K, 0% used [0x00000000d6500000,0x00000000d6500000,0x00000000d6580000)
 ParOldGen       total 68608K, used 47149K [0x0000000080000000, 0x0000000084300000, 0x00000000d5580000)
  object space 68608K, 68% used [0x0000000080000000,0x0000000082e0b578,0x0000000084300000)
 Metaspace       used 69914K, committed 71232K, reserved 1114112K
  class space    used 8756K, committed 9344K, reserved 1048576K
}
Event: 278.926 GC heap after
{Heap after GC invocations=67 (full 3):
 PSYoungGen      total 13312K, used 160K [0x00000000d5580000, 0x00000000d6580000, 0x0000000100000000)
  eden space 12800K, 0% used [0x00000000d5580000,0x00000000d5580000,0x00000000d6200000)
  from space 512K, 31% used [0x00000000d6500000,0x00000000d6528000,0x00000000d6580000)
  to   space 512K, 0% used [0x00000000d6480000,0x00000000d6480000,0x00000000d6500000)
 ParOldGen       total 68608K, used 47448K [0x0000000080000000, 0x0000000084300000, 0x00000000d5580000)
  object space 68608K, 69% used [0x0000000080000000,0x0000000082e56128,0x0000000084300000)
 Metaspace       used 69914K, committed 71232K, reserved 1114112K
  class space    used 8756K, committed 9344K, reserved 1048576K
}
Event: 301.218 GC heap before
{Heap before GC invocations=68 (full 3):
 PSYoungGen      total 13312K, used 12960K [0x00000000d5580000, 0x00000000d6580000, 0x0000000100000000)
  eden space 12800K, 100% used [0x00000000d5580000,0x00000000d6200000,0x00000000d6200000)
  from space 512K, 31% used [0x00000000d6500000,0x00000000d6528000,0x00000000d6580000)
  to   space 512K, 0% used [0x00000000d6480000,0x00000000d6480000,0x00000000d6500000)
 ParOldGen       total 68608K, used 47448K [0x0000000080000000, 0x0000000084300000, 0x00000000d5580000)
  object space 68608K, 69% used [0x0000000080000000,0x0000000082e56128,0x0000000084300000)
 Metaspace       used 69983K, committed 71296K, reserved 1114112K
  class space    used 8767K, committed 9344K, reserved 1048576K
}
Event: 301.219 GC heap after
{Heap after GC invocations=68 (full 3):
 PSYoungGen      total 13312K, used 128K [0x00000000d5580000, 0x00000000d6580000, 0x0000000100000000)
  eden space 12800K, 0% used [0x00000000d5580000,0x00000000d5580000,0x00000000d6200000)
  from space 512K, 25% used [0x00000000d6480000,0x00000000d64a0000,0x00000000d6500000)
  to   space 512K, 0% used [0x00000000d6500000,0x00000000d6500000,0x00000000d6580000)
 ParOldGen       total 68608K, used 47520K [0x0000000080000000, 0x0000000084300000, 0x00000000d5580000)
  object space 68608K, 69% used [0x0000000080000000,0x0000000082e68128,0x0000000084300000)
 Metaspace       used 69983K, committed 71296K, reserved 1114112K
  class space    used 8767K, committed 9344K, reserved 1048576K
}
Event: 353.015 GC heap before
{Heap before GC invocations=69 (full 3):
 PSYoungGen      total 13312K, used 12928K [0x00000000d5580000, 0x00000000d6580000, 0x0000000100000000)
  eden space 12800K, 100% used [0x00000000d5580000,0x00000000d6200000,0x00000000d6200000)
  from space 512K, 25% used [0x00000000d6480000,0x00000000d64a0000,0x00000000d6500000)
  to   space 512K, 0% used [0x00000000d6500000,0x00000000d6500000,0x00000000d6580000)
 ParOldGen       total 68608K, used 47520K [0x0000000080000000, 0x0000000084300000, 0x00000000d5580000)
  object space 68608K, 69% used [0x0000000080000000,0x0000000082e68128,0x0000000084300000)
 Metaspace       used 70071K, committed 71424K, reserved 1114112K
  class space    used 8779K, committed 9344K, reserved 1048576K
}
Event: 353.020 GC heap after
{Heap after GC invocations=69 (full 3):
 PSYoungGen      total 13312K, used 160K [0x00000000d5580000, 0x00000000d6580000, 0x0000000100000000)
  eden space 12800K, 0% used [0x00000000d5580000,0x00000000d5580000,0x00000000d6200000)
  from space 512K, 31% used [0x00000000d6500000,0x00000000d6528000,0x00000000d6580000)
  to   space 512K, 0% used [0x00000000d6480000,0x00000000d6480000,0x00000000d6500000)
 ParOldGen       total 68608K, used 47576K [0x0000000080000000, 0x0000000084300000, 0x00000000d5580000)
  object space 68608K, 69% used [0x0000000080000000,0x0000000082e76128,0x0000000084300000)
 Metaspace       used 70071K, committed 71424K, reserved 1114112K
  class space    used 8779K, committed 9344K, reserved 1048576K
}
Event: 357.440 GC heap before
{Heap before GC invocations=70 (full 3):
 PSYoungGen      total 13312K, used 12960K [0x00000000d5580000, 0x00000000d6580000, 0x0000000100000000)
  eden space 12800K, 100% used [0x00000000d5580000,0x00000000d6200000,0x00000000d6200000)
  from space 512K, 31% used [0x00000000d6500000,0x00000000d6528000,0x00000000d6580000)
  to   space 512K, 0% used [0x00000000d6480000,0x00000000d6480000,0x00000000d6500000)
 ParOldGen       total 68608K, used 47576K [0x0000000080000000, 0x0000000084300000, 0x00000000d5580000)
  object space 68608K, 69% used [0x0000000080000000,0x0000000082e76128,0x0000000084300000)
 Metaspace       used 70071K, committed 71424K, reserved 1114112K
  class space    used 8779K, committed 9344K, reserved 1048576K
}
Event: 357.448 GC heap after
{Heap after GC invocations=70 (full 3):
 PSYoungGen      total 13312K, used 128K [0x00000000d5580000, 0x00000000d6580000, 0x0000000100000000)
  eden space 12800K, 0% used [0x00000000d5580000,0x00000000d5580000,0x00000000d6200000)
  from space 512K, 25% used [0x00000000d6480000,0x00000000d64a0000,0x00000000d6500000)
  to   space 512K, 0% used [0x00000000d6500000,0x00000000d6500000,0x00000000d6580000)
 ParOldGen       total 68608K, used 47664K [0x0000000080000000, 0x0000000084300000, 0x00000000d5580000)
  object space 68608K, 69% used [0x0000000080000000,0x0000000082e8c128,0x0000000084300000)
 Metaspace       used 70071K, committed 71424K, reserved 1114112K
  class space    used 8779K, committed 9344K, reserved 1048576K
}
Event: 363.555 GC heap before
{Heap before GC invocations=71 (full 3):
 PSYoungGen      total 13312K, used 12928K [0x00000000d5580000, 0x00000000d6580000, 0x0000000100000000)
  eden space 12800K, 100% used [0x00000000d5580000,0x00000000d6200000,0x00000000d6200000)
  from space 512K, 25% used [0x00000000d6480000,0x00000000d64a0000,0x00000000d6500000)
  to   space 512K, 0% used [0x00000000d6500000,0x00000000d6500000,0x00000000d6580000)
 ParOldGen       total 68608K, used 47664K [0x0000000080000000, 0x0000000084300000, 0x00000000d5580000)
  object space 68608K, 69% used [0x0000000080000000,0x0000000082e8c128,0x0000000084300000)
 Metaspace       used 70072K, committed 71424K, reserved 1114112K
  class space    used 8779K, committed 9344K, reserved 1048576K
}
Event: 363.558 GC heap after
{Heap after GC invocations=71 (full 3):
 PSYoungGen      total 13312K, used 128K [0x00000000d5580000, 0x00000000d6580000, 0x0000000100000000)
  eden space 12800K, 0% used [0x00000000d5580000,0x00000000d5580000,0x00000000d6200000)
  from space 512K, 25% used [0x00000000d6500000,0x00000000d6520000,0x00000000d6580000)
  to   space 512K, 0% used [0x00000000d6480000,0x00000000d6480000,0x00000000d6500000)
 ParOldGen       total 68608K, used 47680K [0x0000000080000000, 0x0000000084300000, 0x00000000d5580000)
  object space 68608K, 69% used [0x0000000080000000,0x0000000082e90128,0x0000000084300000)
 Metaspace       used 70072K, committed 71424K, reserved 1114112K
  class space    used 8779K, committed 9344K, reserved 1048576K
}
Event: 377.378 GC heap before
{Heap before GC invocations=72 (full 3):
 PSYoungGen      total 13312K, used 12928K [0x00000000d5580000, 0x00000000d6580000, 0x0000000100000000)
  eden space 12800K, 100% used [0x00000000d5580000,0x00000000d6200000,0x00000000d6200000)
  from space 512K, 25% used [0x00000000d6500000,0x00000000d6520000,0x00000000d6580000)
  to   space 512K, 0% used [0x00000000d6480000,0x00000000d6480000,0x00000000d6500000)
 ParOldGen       total 68608K, used 47680K [0x0000000080000000, 0x0000000084300000, 0x00000000d5580000)
  object space 68608K, 69% used [0x0000000080000000,0x0000000082e90128,0x0000000084300000)
 Metaspace       used 70233K, committed 71616K, reserved 1114112K
  class space    used 8807K, committed 9408K, reserved 1048576K
}
Event: 377.382 GC heap after
{Heap after GC invocations=72 (full 3):
 PSYoungGen      total 13312K, used 128K [0x00000000d5580000, 0x00000000d6580000, 0x0000000100000000)
  eden space 12800K, 0% used [0x00000000d5580000,0x00000000d5580000,0x00000000d6200000)
  from space 512K, 25% used [0x00000000d6480000,0x00000000d64a0000,0x00000000d6500000)
  to   space 512K, 0% used [0x00000000d6500000,0x00000000d6500000,0x00000000d6580000)
 ParOldGen       total 68608K, used 47688K [0x0000000080000000, 0x0000000084300000, 0x00000000d5580000)
  object space 68608K, 69% used [0x0000000080000000,0x0000000082e92128,0x0000000084300000)
 Metaspace       used 70233K, committed 71616K, reserved 1114112K
  class space    used 8807K, committed 9408K, reserved 1048576K
}

